# JRE version: Java(TM) SE Runtime Environment (21.0.6+8) (build 21.0.6+8-LTS-188)
# Java VM: Java HotSpot(TM) 64-Bit Server VM (21.0.6+8-LTS-188, mixed mode, sharing, tiered, compressed oops, compressed class ptrs, g1 gc, windows-amd64)
GC Precious Log:
 CardTable entry size: 512
 Card Set container configuration: InlinePtr #cards 5 size 8 Array Of Cards #cards 12 size 40 Howl #buckets 4 coarsen threshold 1843 Howl Bitmap #cards 512 size 80 coarsen threshold 460 Card regions per heap region 1 cards per card region 2048
 CPUs: 4 total, 4 available
 Memory: 7932M
 Large Page Support: Disabled
 NUMA Support: Disabled
 Compressed Oops: Enabled (32-bit)
 Heap Region Size: 1M
 Heap Min Capacity: 8M
 Heap Initial Capacity: 124M
 Heap Max Capacity: 1984M
 Pre-touch: Disabled
 Parallel Workers: 4
 Concurrent Workers: 1
 Concurrent Refinement Workers: 4
 Periodic GC: Disabled
Heap:
 garbage-first heap   total 91136K, used 78082K [0x0000000084000000, 0x0000000100000000)
  region size 1024K, 13 young (13312K), 3 survivors (3072K)
 Metaspace       used 37938K, committed 38528K, reserved 1114112K
  class space    used 4480K, committed 4736K, reserved 1048576K
GC Heap History (20 events):
Event: 6.084 GC heap before
{Heap before GC invocations=9 (full 0):
 garbage-first heap   total 57344K, used 47023K [0x0000000084000000, 0x0000000100000000)
  region size 1024K, 28 young (28672K), 2 survivors (2048K)
 Metaspace       used 26664K, committed 27200K, reserved 1114112K
  class space    used 3280K, committed 3520K, reserved 1048576K
}
Event: 6.097 GC heap after
{Heap after GC invocations=10 (full 0):
 garbage-first heap   total 57344K, used 23755K [0x0000000084000000, 0x0000000100000000)
  region size 1024K, 4 young (4096K), 4 survivors (4096K)
 Metaspace       used 26664K, committed 27200K, reserved 1114112K
  class space    used 3280K, committed 3520K, reserved 1048576K
}
Event: 6.337 GC heap before
{Heap before GC invocations=10 (full 0):
 garbage-first heap   total 57344K, used 47307K [0x0000000084000000, 0x0000000100000000)
  region size 1024K, 27 young (27648K), 4 survivors (4096K)
 Metaspace       used 26783K, committed 27264K, reserved 1114112K
  class space    used 3280K, committed 3520K, reserved 1048576K
}
Event: 6.356 GC heap after
{Heap after GC invocations=11 (full 0):
 garbage-first heap   total 57344K, used 28414K [0x0000000084000000, 0x0000000100000000)
  region size 1024K, 4 young (4096K), 4 survivors (4096K)
 Metaspace       used 26783K, committed 27264K, reserved 1114112K
  class space    used 3280K, committed 3520K, reserved 1048576K
}
Event: 6.908 GC heap before
{Heap before GC invocations=11 (full 0):
 garbage-first heap   total 57344K, used 47870K [0x0000000084000000, 0x0000000100000000)
  region size 1024K, 23 young (23552K), 4 survivors (4096K)
 Metaspace       used 27678K, committed 28096K, reserved 1114112K
  class space    used 3393K, committed 3584K, reserved 1048576K
}
Event: 6.919 GC heap after
{Heap after GC invocations=12 (full 0):
 garbage-first heap   total 57344K, used 30434K [0x0000000084000000, 0x0000000100000000)
  region size 1024K, 3 young (3072K), 3 survivors (3072K)
 Metaspace       used 27678K, committed 28096K, reserved 1114112K
  class space    used 3393K, committed 3584K, reserved 1048576K
}
Event: 7.359 GC heap before
{Heap before GC invocations=12 (full 0):
 garbage-first heap   total 57344K, used 48866K [0x0000000084000000, 0x0000000100000000)
  region size 1024K, 21 young (21504K), 3 survivors (3072K)
 Metaspace       used 28165K, committed 28672K, reserved 1114112K
  class space    used 3444K, committed 3648K, reserved 1048576K
}
Event: 7.368 GC heap after
{Heap after GC invocations=13 (full 0):
 garbage-first heap   total 76800K, used 32322K [0x0000000084000000, 0x0000000100000000)
  region size 1024K, 2 young (2048K), 2 survivors (2048K)
 Metaspace       used 28165K, committed 28672K, reserved 1114112K
  class space    used 3444K, committed 3648K, reserved 1048576K
}
Event: 8.563 GC heap before
{Heap before GC invocations=14 (full 0):
 garbage-first heap   total 76800K, used 66114K [0x0000000084000000, 0x0000000100000000)
  region size 1024K, 33 young (33792K), 2 survivors (2048K)
 Metaspace       used 31135K, committed 31744K, reserved 1114112K
  class space    used 3753K, committed 4032K, reserved 1048576K
}
Event: 8.573 GC heap after
{Heap after GC invocations=15 (full 0):
 garbage-first heap   total 76800K, used 34814K [0x0000000084000000, 0x0000000100000000)
  region size 1024K, 5 young (5120K), 5 survivors (5120K)
 Metaspace       used 31135K, committed 31744K, reserved 1114112K
  class space    used 3753K, committed 4032K, reserved 1048576K
}
Event: 9.653 GC heap before
{Heap before GC invocations=15 (full 0):
 garbage-first heap   total 76800K, used 68606K [0x0000000084000000, 0x0000000100000000)
  region size 1024K, 35 young (35840K), 5 survivors (5120K)
 Metaspace       used 37166K, committed 37760K, reserved 1114112K
  class space    used 4414K, committed 4672K, reserved 1048576K
}
Event: 9.678 GC heap after
{Heap after GC invocations=16 (full 0):
 garbage-first heap   total 86016K, used 48128K [0x0000000084000000, 0x0000000100000000)
  region size 1024K, 5 young (5120K), 5 survivors (5120K)
 Metaspace       used 37166K, committed 37760K, reserved 1114112K
  class space    used 4414K, committed 4672K, reserved 1048576K
}
Event: 10.109 GC heap before
{Heap before GC invocations=16 (full 0):
 garbage-first heap   total 86016K, used 67584K [0x0000000084000000, 0x0000000100000000)
  region size 1024K, 26 young (26624K), 5 survivors (5120K)
 Metaspace       used 37188K, committed 37760K, reserved 1114112K
  class space    used 4416K, committed 4672K, reserved 1048576K
}
Event: 10.120 GC heap after
{Heap after GC invocations=17 (full 0):
 garbage-first heap   total 86016K, used 53727K [0x0000000084000000, 0x0000000100000000)
  region size 1024K, 4 young (4096K), 4 survivors (4096K)
 Metaspace       used 37188K, committed 37760K, reserved 1114112K
  class space    used 4416K, committed 4672K, reserved 1048576K
}
Event: 10.602 GC heap before
{Heap before GC invocations=18 (full 0):
 garbage-first heap   total 91136K, used 73183K [0x0000000084000000, 0x0000000100000000)
  region size 1024K, 23 young (23552K), 4 survivors (4096K)
 Metaspace       used 37434K, committed 37952K, reserved 1114112K
  class space    used 4448K, committed 4672K, reserved 1048576K
}
Event: 10.613 GC heap after
{Heap after GC invocations=19 (full 0):
 garbage-first heap   total 91136K, used 59904K [0x0000000084000000, 0x0000000100000000)
  region size 1024K, 3 young (3072K), 3 survivors (3072K)
 Metaspace       used 37434K, committed 37952K, reserved 1114112K
  class space    used 4448K, committed 4672K, reserved 1048576K
}
Event: 10.837 GC heap before
{Heap before GC invocations=19 (full 0):
 garbage-first heap   total 91136K, used 79360K [0x0000000084000000, 0x0000000100000000)
  region size 1024K, 21 young (21504K), 3 survivors (3072K)
 Metaspace       used 37802K, committed 38336K, reserved 1114112K
  class space    used 4468K, committed 4672K, reserved 1048576K
}
Event: 10.850 GC heap after
{Heap after GC invocations=20 (full 0):
 garbage-first heap   total 91136K, used 64000K [0x0000000084000000, 0x0000000100000000)
  region size 1024K, 3 young (3072K), 3 survivors (3072K)
 Metaspace       used 37802K, committed 38336K, reserved 1114112K
  class space    used 4468K, committed 4672K, reserved 1048576K
}
Event: 11.133 GC heap before
{Heap before GC invocations=20 (full 0):
 garbage-first heap   total 91136K, used 79360K [0x0000000084000000, 0x0000000100000000)
  region size 1024K, 19 young (19456K), 3 survivors (3072K)
 Metaspace       used 37898K, committed 38464K, reserved 1114112K
  class space    used 4472K, committed 4736K, reserved 1048576K
}
Event: 11.147 GC heap after
{Heap after GC invocations=21 (full 0):
 garbage-first heap   total 91136K, used 66818K [0x0000000084000000, 0x0000000100000000)
  region size 1024K, 3 young (3072K), 3 survivors (3072K)
 Metaspace       used 37898K, committed 38464K, reserved 1114112K
  class space    used 4472K, committed 4736K, reserved 1048576K
}

